<?xml version="1.0" encoding="UTF-8"?>
<!-- Generated by org.testng.reporters.JUnitXMLReporter -->
<testsuite hostname="DESKTOP-NVDN61G" name="Smoke Testcases" tests="2" failures="2" timestamp="18 Aug 2017 06:23:23 GMT" time="0.059" errors="0">
  <testcase name="Landingpagevalidaton" time="0.027" classname="pageobjecttestcases.LandingpageNavigationsTest">
    <failure type="java.io.FileNotFoundException" message="C:\Apps\DebitCards\src\main\java\resources\global.properties (The system cannot find the path specified)">
      <![CDATA[java.io.FileNotFoundException: C:\Apps\DebitCards\src\main\java\resources\global.properties (The system cannot find the path specified)
	at java.io.FileInputStream.open0(Native Method)
	at java.io.FileInputStream.open(Unknown Source)
	at java.io.FileInputStream.<init>(Unknown Source)
	at java.io.FileInputStream.<init>(Unknown Source)
	at resources.testBase.setup(testBase.java:27)
	at pageobjecttestcases.LandingpageNavigationsTest.Landingpagevalidaton(LandingpageNavigationsTest.java:36)
... Removed 24 stack frames]]>
    </failure>
  </testcase> <!-- Landingpagevalidaton -->
  <testcase name="Landingpagenavigation" time="0.002" classname="pageobjecttestcases.LandingPageValidationsTest">
    <failure type="java.io.FileNotFoundException" message="C:\Apps\DebitCards\src\main\java\resources\global.properties (The system cannot find the path specified)">
      <![CDATA[java.io.FileNotFoundException: C:\Apps\DebitCards\src\main\java\resources\global.properties (The system cannot find the path specified)
	at java.io.FileInputStream.open0(Native Method)
	at java.io.FileInputStream.open(Unknown Source)
	at java.io.FileInputStream.<init>(Unknown Source)
	at java.io.FileInputStream.<init>(Unknown Source)
	at resources.testBase.setup(testBase.java:27)
	at pageobjecttestcases.LandingPageValidationsTest.Landingpagenavigation(LandingPageValidationsTest.java:32)
... Removed 24 stack frames]]>
    </failure>
  </testcase> <!-- Landingpagenavigation -->
</testsuite> <!-- Smoke Testcases -->
